


ARM Macro Assembler    Page 1 


    1 00000000                 AREA             asm_func, CODE, READONLY
    2 00000000         ; Export my_asm function location so that C compiler can
                        find it and link
    3 00000000                 EXPORT           set_lr
    4 00000000         set_lr
    5 00000000 F8CD 1001       STR              R1,[sp,#1]
    6 00000004         
    7 00000004 468E            MOV              LR,R1
    8 00000006 4770            BX               LR
    9 00000008                 END
Command Line: --debug --xref --diag_suppress=9931 --cpu=Cortex-M3 --apcs=interw
ork --depend=stm32l152re_nucleo\lr.d -ostm32l152re_nucleo\lr.o -I"C:\Keil_v5\Eg
\en.stm32cubel1\STM32Cube_FW_L1_V1.6.0\Projects\STM32L152RE-Nucleo\Examples_MIX
\UART\Instrumented  FFT\MDK-ARM\RTE" -IC:\Keil_v5\ARM\PACK\ARM\CMSIS\5.0.0-Beta
12\CMSIS\Include -IC:\Keil_v5\ARM\PACK\Keil\STM32L1xx_DFP\1.2.0\Device\Include 
--predefine="__EVAL SETA 1" --predefine="__MICROLIB SETA 1" --predefine="__UVIS
ION_VERSION SETA 521" --predefine="_RTE_ SETA 1" --predefine="STM32L152xE SETA 
1" --list=lr.lst lr.s



ARM Macro Assembler    Page 1 Alphabetic symbol ordering
Relocatable symbols

asm_func 00000000

Symbol: asm_func
   Definitions
      At line 1 in file lr.s
   Uses
      None
Comment: asm_func unused
set_lr 00000000

Symbol: set_lr
   Definitions
      At line 4 in file lr.s
   Uses
      At line 3 in file lr.s
Comment: set_lr used once
2 symbols
337 symbols in table
