


ARM Macro Assembler    Page 1 


    1 00000000                 AREA             asm_func, CODE, READONLY
    2 00000000         ; Export my_asm function location so that C compiler can
                        find it and link
    3 00000000                 EXPORT           set_R6
    4 00000000         set_R6
    5 00000000 F8CD 6001       STR              R6,[sp,#1]
    6 00000004 4770            BX               LR
    7 00000006                 END
Command Line: --debug --xref --diag_suppress=9931 --cpu=Cortex-M3 --apcs=interw
ork --depend=stm32l152re_nucleo\set_r6.d -ostm32l152re_nucleo\set_r6.o -I"C:\Ke
il_v5\Eg\en.stm32cubel1\STM32Cube_FW_L1_V1.6.0\Projects\STM32L152RE-Nucleo\Exam
ples_MIX\UART\UART_HyperTerminal_IT Add MEMMAP FFT1\MDK-ARM\RTE" -IC:\Keil_v5\A
RM\PACK\ARM\CMSIS\5.0.0-Beta12\CMSIS\Include -IC:\Keil_v5\ARM\PACK\Keil\STM32L1
xx_DFP\1.2.0\Device\Include --predefine="__EVAL SETA 1" --predefine="__MICROLIB
 SETA 1" --predefine="__UVISION_VERSION SETA 521" --predefine="_RTE_ SETA 1" --
predefine="STM32L152xE SETA 1" --list=set_r6.lst set_R6.s



ARM Macro Assembler    Page 1 Alphabetic symbol ordering
Relocatable symbols

asm_func 00000000

Symbol: asm_func
   Definitions
      At line 1 in file set_R6.s
   Uses
      None
Comment: asm_func unused
set_R6 00000000

Symbol: set_R6
   Definitions
      At line 4 in file set_R6.s
   Uses
      At line 3 in file set_R6.s
Comment: set_R6 used once
2 symbols
337 symbols in table
